389-ds-base
7zip
9base
accessibility-inspector
akonadi-calendar-tools
akonadi-import-wizard
akonadiconsole
akregator
alsa-firmware
alsa-utils
angelfish
apache
arandr
ark
artikulate
audex
audiocd-kio
audiotube
autoconf
automake
autopep8
autotiling
awesome-terminal-fonts
base
base-devel
bashtop
bat
bettercap
binutils
bison
bleachbit
blinken
blueberry
bluez-utils
breeze-plymouth
calcurse
calibre
calligra
cantor
capitaine-cursors
cava
chromium
cmus
colord-kde
cowsay
crypto++
debugedit
discord
dmenu
docker
docker-compose
dolphin
dolphin-plugins
dragon
dust
edk2-ovmf
efibootmgr
elisa
emacs
eza
fakeroot
falkon
fd
feh
festival
festival-us
ffmpegthumbnailer
ffmpegthumbs
file
findutils
firefox
flatpak
flatpak-kcm
flex
francis
fwupd
fzf
garcon
gawk
gcc
gegl
geoip-database
gettext
ghc-libs
ghostwriter
gimp
git
git-delta
github-cli
gnome-disk-utility
gnome-keyring
go-tools
gobject-introspection
gomuks
gpm
grantlee-editor
graphviz
grep
groff
groovy
grub
gsl
gsmartcontrol
gst-plugins-bad
gst-plugins-good
gucharmap
gvfs-gphoto2
gvfs-mtp
gwenview
gzip
harfbuzz-icu
haskell-aeson
haskell-auto-update
haskell-bitvec
haskell-casa-client
haskell-casa-types
haskell-conduit
haskell-conduit-extra
haskell-cryptonite-conduit
haskell-dbus
haskell-extra
haskell-fast-logger
haskell-fsnotify
haskell-fsnotify0.3
haskell-githash
haskell-hackage-security
haskell-hpack
haskell-http
haskell-http-api-data
haskell-http-client
haskell-http-client-tls
haskell-http-conduit
haskell-http-download
haskell-http-types
haskell-indexed-traversable-instances
haskell-lens
haskell-libyaml
haskell-lukko
haskell-microlens-th
haskell-monad-logger
haskell-mono-traversable
haskell-mustache
haskell-neat-interpolation
haskell-optparse-simple
haskell-pantry
haskell-path
haskell-path-io
haskell-persistent
haskell-persistent-sqlite
haskell-project-template
haskell-regex-tdfa
haskell-retry
haskell-rio-orphans
haskell-rio-prettyprint
haskell-semialign
haskell-shelly
haskell-tar-conduit
haskell-unix-compat
haskell-vector-algorithms
haskell-witherable
haskell-xml-conduit
haskell-yaml
hdf5
hexyl
htop
httpie
i3-wm
i3blocks
i3lock
ibus
iftop
imagemagick
imlib2
inkscape
inotify-tools
inxi
isoimagewriter
itinerary
iwd
juk
k3b
kaddressbook
kalarm
kalgebra
kalk
kalm
kalzium
kamera
kamoso
kanagram
kapptemplate
kasts
kate
kbackup
kbruch
kcachegrind
kcalc
kcharselect
kclock
kcolorchooser
kcron
kde-dev-scripts
kde-dev-utils
kde-inotify-survey
kdebugsettings
kdeconnect
kdegraphics-thumbnailers
kdenetwork-filesharing
kdenlive
kdepim-addons
kdesdk-kio
kdesdk-thumbnailers
kdevelop
kdevelop-php
kdevelop-python
kdf
kdialog
keditbookmarks
keysmith
kfind
kgamma
kgeography
kget
kgpg
kgraphviewer
khangman
khelpcenter
kig
kimagemapeditor
kio-admin
kio-gdrive
kio-zeroconf
kirigami-gallery
kiten
kitty
kjournald
kleopatra
klettres
kmag
kmail
kmail-account-wizard
kmix
kmousetool
kmouth
kmplot
koko
kolourpaint
kompare
kongress
konqueror
konsole
kontact
kontrast
konversation
korganizer
krdc
krecorder
krfb
krita
kruler
ksystemlog
kteatime
ktimer
ktorrent
ktouch
ktrip
kturtle
kwalletmanager
kwave
kweather
kwin-x11
kwordquiz
lapack
lazydocker
lazygit
lf
lib2geom
lib32-giflib
lib32-gnutls
lib32-gst-plugins-base-libs
lib32-libpulse
lib32-libva
lib32-libxcomposite
lib32-libxinerama
lib32-libxslt
lib32-mesa
lib32-mpg123
lib32-ocl-icd
lib32-openal
lib32-pipewire
lib32-v4l-utils
libheif
libibus
libolm
libpipewire
libreoffice-fresh
libtool
libwpg
linux
linux-firmware
linux-headers
lokalize
lolcat
lostfiles
lsd
luajit
lxappearance
ly
lynis
m4
make
marble
mariadb
markdownpart
massif-visualizer
mbox-importer
merkuro
mesa
mesa-demos
minuet
most
mplayer
mtpfs
mysql-workbench
nano
ncdu
neochat
neovim
net-tools
network-manager-applet
networkmanager
nitrogen
nnn
noto-fonts-emoji
ntp
nvidia
nvidia-settings
nvidia-utils
nvm
obs-studio
ocaml
ocaml-compiler-libs
ocl-icd
okular
onetbb
oniguruma
opam
openal
opencl-headers
opencl-mesa
opencolorio
opencore-amr
openexr
openfortivpn
openimageio
openjpeg2
openmpi
openpmix
openrgb
openshadinglanguage
openssh
openssl
openssl-1.1
os-prober
pacman
paprefs
parley
partitionmanager
patch
pavucontrol
pcmanfm
perl-anyevent-i3
php
php-apache
phpmyadmin
picom
pim-data-exporter
pim-sieve-editor
pipewire
pkgconf
plank
plantuml
plasma-meta
plasma-sdk
plasmatube
playerctl
plymouth-kcm
polybar
postgresql
poxml
pulseaudio-alsa
putty
py3status
python
python-aiohttp
python-attrs
python-charset-normalizer
python-colorama
python-cryptography
python-defusedxml
python-dotenv
python-extension-helpers
python-idna
python-mako
python-markdown-it-py
python-markupsafe
python-mdurl
python-multidict
python-numpy
python-packaging
python-pip
python-pysocks
python-pywal
python-requests
python-requests-toolbelt
python-rich
python-uc-micro-py
python-urllib3
python-wheel
qbittorrent
qemu-desktop
qrca
ranger
redshift
refind
reflector
ripgrep
ristretto
rocs
rofi
rofi-calc
s-tui
scrot
sddm
sed
skanlite
skanpage
sshfs
stack
steam
step
stow
stress
sudo
suitesparse
svgpart
sweeper
telly-skout
tesseract
tesseract-data-eng
tesseract-data-por
texinfo
the_silver_searcher
thrift
thunar
thunar-archive-plugin
thunar-volman
tldr
tmux
tokodon
tree
ttc-iosevka
ttc-iosevka-ss15
ttf-dejavu
ttf-droid
ttf-fira-code
ttf-inconsolata
ttf-iosevka-nerd
ttf-roboto
tumbler
ueberzug
umbrello
unrar
uwsgi
uwsgi-plugin-python
video-trimmer
vim
virtualbox-guest-utils
virtualbox-host-modules-arch
vivaldi
vlc
w3m
wacomtablet
wakatime
which
wine-staging
winetricks
wipe
wmctrl
words
xapp
xarchiver
xclip
xcompmgr
xdotool
xf86-video-nouveau
xf86-video-vesa
xfce4-appfinder
xfce4-panel
xfce4-power-manager
xfce4-session
xfce4-settings
xfce4-terminal
xfdesktop
xfwm4
xfwm4-themes
xkeycaps
xmobar
xmonad-utils
xorg-bdftopcf
xorg-docs
xorg-font-util
xorg-fonts-100dpi
xorg-fonts-75dpi
xorg-iceauth
xorg-mkfontscale
xorg-server-devel
xorg-server-xephyr
xorg-server-xnest
xorg-server-xvfb
xorg-sessreg
xorg-smproxy
xorg-x11perf
xorg-xauth
xorg-xcmsdb
xorg-xcursorgen
xorg-xdpyinfo
xorg-xdriinfo
xorg-xev
xorg-xgamma
xorg-xhost
xorg-xinit
xorg-xinput
xorg-xkbevd
xorg-xkbutils
xorg-xkill
xorg-xlsatoms
xorg-xlsclients
xorg-xmodmap
xorg-xpr
xorg-xprop
xorg-xrandr
xorg-xrdb
xorg-xrefresh
xorg-xset
xorg-xsetroot
xorg-xvinfo
xorg-xwayland
xorg-xwd
xorg-xwininfo
xorg-xwud
xsel
yad
yakuake
zam-plugins
zam-plugins-clap
zam-plugins-ladspa
zam-plugins-lv2
zam-plugins-standalone
zam-plugins-vst
zam-plugins-vst3
zanshin
zathura
zathura-djvu
zathura-pdf-poppler
zathura-ps
zbar
zenity
zip
zita-resampler
zsh
zsh-completions
